0 info it worked if it ends with ok
1 verbose cli [ 'node', '/usr/local/bin/npm', 'publish' ]
2 info using npm@2.12.1
3 info using node@v0.12.0
4 verbose publish [ '.' ]
5 silly cache add args [ '.', null ]
6 verbose cache add spec .
7 silly cache add parsed spec { raw: '.',
7 silly cache add   scope: null,
7 silly cache add   name: null,
7 silly cache add   rawSpec: '.',
7 silly cache add   spec: '/Users/joanne/apps/generator',
7 silly cache add   type: 'directory' }
8 verbose addLocalDirectory /Users/joanne/.npm/lazy_g/1.0.0/package.tgz not in flight; packing
9 verbose tar pack [ '/Users/joanne/.npm/lazy_g/1.0.0/package.tgz',
9 verbose tar pack   '/Users/joanne/apps/generator' ]
10 verbose tarball /Users/joanne/.npm/lazy_g/1.0.0/package.tgz
11 verbose folder /Users/joanne/apps/generator
12 info prepublish lazy_g@1.0.0
13 verbose stack TypeError: Cannot read property 'main' of undefined
13 verbose stack     at Packer.applyIgnores (/usr/local/lib/node_modules/npm/node_modules/fstream-npm/fstream-npm.js:108:30)
13 verbose stack     at Packer.<anonymous> (/usr/local/lib/node_modules/npm/node_modules/fstream-npm/node_modules/fstream-ignore/ignore.js:61:15)
13 verbose stack     at Packer.emit (events.js:110:17)
13 verbose stack     at FileReader.<anonymous> (/usr/local/lib/node_modules/npm/node_modules/fstream/lib/dir-reader.js:131:12)
13 verbose stack     at FileReader.emit (events.js:107:17)
13 verbose stack     at go (/usr/local/lib/node_modules/npm/node_modules/fstream/lib/reader.js:216:12)
13 verbose stack     at go (/usr/local/lib/node_modules/npm/node_modules/fstream/lib/reader.js:217:7)
13 verbose stack     at statCb (/usr/local/lib/node_modules/npm/node_modules/fstream/lib/reader.js:218:7)
13 verbose stack     at FSReqWrap.oncomplete (evalmachine.<anonymous>:99:15)
14 verbose cwd /Users/joanne/apps/generator
15 error Darwin 14.0.0
16 error argv "node" "/usr/local/bin/npm" "publish"
17 error node v0.12.0
18 error npm  v2.12.1
19 error Cannot read property 'main' of undefined
20 error If you need help, you may report this error at:
20 error     <https://github.com/npm/npm/issues>
21 verbose exit [ 1, true ]
